# JRE version: OpenJDK Runtime Environment (21.0.8) (build 21.0.8+-14196175-b1038.72)
# Java VM: OpenJDK 64-Bit Server VM (21.0.8+-14196175-b1038.72, mixed mode, tiered, compressed oops, compressed class ptrs, g1 gc, windows-amd64)
GC Precious Log:
 CardTable entry size: 512
 Card Set container configuration: InlinePtr #cards 5 size 8 Array Of Cards #cards 12 size 40 Howl #buckets 4 coarsen threshold 1843 Howl Bitmap #cards 512 size 80 coarsen threshold 460 Card regions per heap region 1 cards per card region 2048
 CPUs: 16 total, 16 available
 Memory: 16008M
 Large Page Support: Disabled
 NUMA Support: Disabled
 Compressed Oops: Enabled (32-bit)
 Heap Region Size: 1M
 Heap Min Capacity: 8M
 Heap Initial Capacity: 252M
 Heap Max Capacity: 2G
 Pre-touch: Disabled
 Parallel Workers: 13
 Concurrent Workers: 3
 Concurrent Refinement Workers: 13
 Periodic GC: Disabled
Heap:
 garbage-first heap   total 189440K, used 142246K [0x0000000080000000, 0x0000000100000000)
  region size 1024K, 33 young (33792K), 5 survivors (5120K)
 Metaspace       used 115003K, committed 117184K, reserved 1179648K
  class space    used 15950K, committed 17024K, reserved 1048576K
GC Heap History (20 events):
Event: 13.818 GC heap before
{Heap before GC invocations=29 (full 0):
 garbage-first heap   total 152576K, used 138905K [0x0000000080000000, 0x0000000100000000)
  region size 1024K, 54 young (55296K), 2 survivors (2048K)
 Metaspace       used 98246K, committed 100224K, reserved 1179648K
  class space    used 13669K, committed 14656K, reserved 1048576K
}
Event: 13.821 GC heap after
{Heap after GC invocations=30 (full 0):
 garbage-first heap   total 152576K, used 85442K [0x0000000080000000, 0x0000000100000000)
  region size 1024K, 3 young (3072K), 3 survivors (3072K)
 Metaspace       used 98246K, committed 100224K, reserved 1179648K
  class space    used 13669K, committed 14656K, reserved 1048576K
}
Event: 14.549 GC heap before
{Heap before GC invocations=30 (full 0):
 garbage-first heap   total 152576K, used 139714K [0x0000000080000000, 0x0000000100000000)
  region size 1024K, 56 young (57344K), 3 survivors (3072K)
 Metaspace       used 102648K, committed 104768K, reserved 1179648K
  class space    used 14311K, committed 15360K, reserved 1048576K
}
Event: 14.555 GC heap after
{Heap after GC invocations=31 (full 0):
 garbage-first heap   total 152576K, used 86810K [0x0000000080000000, 0x0000000100000000)
  region size 1024K, 5 young (5120K), 5 survivors (5120K)
 Metaspace       used 102648K, committed 104768K, reserved 1179648K
  class space    used 14311K, committed 15360K, reserved 1048576K
}
Event: 15.290 GC heap before
{Heap before GC invocations=31 (full 0):
 garbage-first heap   total 152576K, used 139034K [0x0000000080000000, 0x0000000100000000)
  region size 1024K, 56 young (57344K), 5 survivors (5120K)
 Metaspace       used 106653K, committed 108736K, reserved 1179648K
  class space    used 14931K, committed 15936K, reserved 1048576K
}
Event: 15.297 GC heap after
{Heap after GC invocations=32 (full 0):
 garbage-first heap   total 152576K, used 89537K [0x0000000080000000, 0x0000000100000000)
  region size 1024K, 6 young (6144K), 6 survivors (6144K)
 Metaspace       used 106653K, committed 108736K, reserved 1179648K
  class space    used 14931K, committed 15936K, reserved 1048576K
}
Event: 16.033 GC heap before
{Heap before GC invocations=33 (full 0):
 garbage-first heap   total 152576K, used 137665K [0x0000000080000000, 0x0000000100000000)
  region size 1024K, 53 young (54272K), 6 survivors (6144K)
 Metaspace       used 109007K, committed 111104K, reserved 1179648K
  class space    used 15279K, committed 16320K, reserved 1048576K
}
Event: 16.041 GC heap after
{Heap after GC invocations=34 (full 0):
 garbage-first heap   total 152576K, used 94634K [0x0000000080000000, 0x0000000100000000)
  region size 1024K, 7 young (7168K), 7 survivors (7168K)
 Metaspace       used 109007K, committed 111104K, reserved 1179648K
  class space    used 15279K, committed 16320K, reserved 1048576K
}
Event: 16.572 GC heap before
{Heap before GC invocations=34 (full 0):
 garbage-first heap   total 152576K, used 135594K [0x0000000080000000, 0x0000000100000000)
  region size 1024K, 48 young (49152K), 7 survivors (7168K)
 Metaspace       used 110193K, committed 112320K, reserved 1179648K
  class space    used 15350K, committed 16384K, reserved 1048576K
}
Event: 16.586 GC heap after
{Heap after GC invocations=35 (full 0):
 garbage-first heap   total 154624K, used 102741K [0x0000000080000000, 0x0000000100000000)
  region size 1024K, 6 young (6144K), 6 survivors (6144K)
 Metaspace       used 110193K, committed 112320K, reserved 1179648K
  class space    used 15350K, committed 16384K, reserved 1048576K
}
Event: 16.639 GC heap before
{Heap before GC invocations=35 (full 0):
 garbage-first heap   total 154624K, used 105813K [0x0000000080000000, 0x0000000100000000)
  region size 1024K, 10 young (10240K), 6 survivors (6144K)
 Metaspace       used 110505K, committed 112704K, reserved 1179648K
  class space    used 15377K, committed 16448K, reserved 1048576K
}
Event: 16.645 GC heap after
{Heap after GC invocations=36 (full 0):
 garbage-first heap   total 154624K, used 104543K [0x0000000080000000, 0x0000000100000000)
  region size 1024K, 2 young (2048K), 2 survivors (2048K)
 Metaspace       used 110505K, committed 112704K, reserved 1179648K
  class space    used 15377K, committed 16448K, reserved 1048576K
}
Event: 17.363 GC heap before
{Heap before GC invocations=37 (full 0):
 garbage-first heap   total 184320K, used 146527K [0x0000000080000000, 0x0000000100000000)
  region size 1024K, 39 young (39936K), 2 survivors (2048K)
 Metaspace       used 113868K, committed 116032K, reserved 1179648K
  class space    used 15749K, committed 16832K, reserved 1048576K
}
Event: 17.368 GC heap after
{Heap after GC invocations=38 (full 0):
 garbage-first heap   total 184320K, used 109055K [0x0000000080000000, 0x0000000100000000)
  region size 1024K, 5 young (5120K), 5 survivors (5120K)
 Metaspace       used 113868K, committed 116032K, reserved 1179648K
  class space    used 15749K, committed 16832K, reserved 1048576K
}
Event: 17.620 GC heap before
{Heap before GC invocations=38 (full 0):
 garbage-first heap   total 184320K, used 167423K [0x0000000080000000, 0x0000000100000000)
  region size 1024K, 63 young (64512K), 5 survivors (5120K)
 Metaspace       used 113891K, committed 116096K, reserved 1179648K
  class space    used 15749K, committed 16832K, reserved 1048576K
}
Event: 17.627 GC heap after
{Heap after GC invocations=39 (full 0):
 garbage-first heap   total 184320K, used 110614K [0x0000000080000000, 0x0000000100000000)
  region size 1024K, 5 young (5120K), 5 survivors (5120K)
 Metaspace       used 113891K, committed 116096K, reserved 1179648K
  class space    used 15749K, committed 16832K, reserved 1048576K
}
Event: 18.102 GC heap before
{Heap before GC invocations=39 (full 0):
 garbage-first heap   total 184320K, used 167958K [0x0000000080000000, 0x0000000100000000)
  region size 1024K, 62 young (63488K), 5 survivors (5120K)
 Metaspace       used 114424K, committed 116544K, reserved 1179648K
  class space    used 15847K, committed 16896K, reserved 1048576K
}
Event: 18.109 GC heap after
{Heap after GC invocations=40 (full 0):
 garbage-first heap   total 184320K, used 113475K [0x0000000080000000, 0x0000000100000000)
  region size 1024K, 7 young (7168K), 7 survivors (7168K)
 Metaspace       used 114424K, committed 116544K, reserved 1179648K
  class space    used 15847K, committed 16896K, reserved 1048576K
}
Event: 18.461 GC heap before
{Heap before GC invocations=41 (full 0):
 garbage-first heap   total 189440K, used 165699K [0x0000000080000000, 0x0000000100000000)
  region size 1024K, 59 young (60416K), 7 survivors (7168K)
 Metaspace       used 114545K, committed 116736K, reserved 1179648K
  class space    used 15861K, committed 16960K, reserved 1048576K
}
Event: 18.469 GC heap after
{Heap after GC invocations=42 (full 0):
 garbage-first heap   total 189440K, used 115622K [0x0000000080000000, 0x0000000100000000)
  region size 1024K, 5 young (5120K), 5 survivors (5120K)
 Metaspace       used 114545K, committed 116736K, reserved 1179648K
  class space    used 15861K, committed 16960K, reserved 1048576K
}

