# JRE version: OpenJDK Runtime Environment (21.0.8) (build 21.0.8+-14196175-b1038.72)
# Java VM: OpenJDK 64-Bit Server VM (21.0.8+-14196175-b1038.72, mixed mode, tiered, compressed oops, compressed class ptrs, g1 gc, windows-amd64)
GC Precious Log:
 CardTable entry size: 512
 Card Set container configuration: InlinePtr #cards 5 size 8 Array Of Cards #cards 12 size 40 Howl #buckets 4 coarsen threshold 1843 Howl Bitmap #cards 512 size 80 coarsen threshold 460 Card regions per heap region 1 cards per card region 2048
 CPUs: 16 total, 16 available
 Memory: 16008M
 Large Page Support: Disabled
 NUMA Support: Disabled
 Compressed Oops: Enabled (32-bit)
 Heap Region Size: 1M
 Heap Min Capacity: 8M
 Heap Initial Capacity: 252M
 Heap Max Capacity: 2G
 Pre-touch: Disabled
 Parallel Workers: 13
 Concurrent Workers: 3
 Concurrent Refinement Workers: 13
 Periodic GC: Disabled
Heap:
 garbage-first heap   total 280576K, used 208537K [0x0000000080000000, 0x0000000100000000)
  region size 1024K, 9 young (9216K), 2 survivors (2048K)
 Metaspace       used 133024K, committed 135360K, reserved 1179648K
  class space    used 18111K, committed 19264K, reserved 1048576K
GC Heap History (20 events):
Event: 16.496 GC heap before
{Heap before GC invocations=39 (full 0):
 garbage-first heap   total 156672K, used 121005K [0x0000000080000000, 0x0000000100000000)
  region size 1024K, 32 young (32768K), 7 survivors (7168K)
 Metaspace       used 110495K, committed 112704K, reserved 1179648K
  class space    used 15375K, committed 16448K, reserved 1048576K
}
Event: 16.504 GC heap after
{Heap after GC invocations=40 (full 0):
 garbage-first heap   total 156672K, used 104119K [0x0000000080000000, 0x0000000100000000)
  region size 1024K, 6 young (6144K), 6 survivors (6144K)
 Metaspace       used 110495K, committed 112704K, reserved 1179648K
  class space    used 15375K, committed 16448K, reserved 1048576K
}
Event: 17.147 GC heap before
{Heap before GC invocations=41 (full 0):
 garbage-first heap   total 183296K, used 144055K [0x0000000080000000, 0x0000000100000000)
  region size 1024K, 41 young (41984K), 6 survivors (6144K)
 Metaspace       used 113861K, committed 116096K, reserved 1179648K
  class space    used 15745K, committed 16832K, reserved 1048576K
}
Event: 17.154 GC heap after
{Heap after GC invocations=42 (full 0):
 garbage-first heap   total 183296K, used 108643K [0x0000000080000000, 0x0000000100000000)
  region size 1024K, 6 young (6144K), 6 survivors (6144K)
 Metaspace       used 113861K, committed 116096K, reserved 1179648K
  class space    used 15745K, committed 16832K, reserved 1048576K
}
Event: 17.447 GC heap before
{Heap before GC invocations=42 (full 0):
 garbage-first heap   total 183296K, used 159843K [0x0000000080000000, 0x0000000100000000)
  region size 1024K, 57 young (58368K), 6 survivors (6144K)
 Metaspace       used 113870K, committed 116096K, reserved 1179648K
  class space    used 15746K, committed 16832K, reserved 1048576K
}
Event: 17.452 GC heap after
{Heap after GC invocations=43 (full 0):
 garbage-first heap   total 183296K, used 110087K [0x0000000080000000, 0x0000000100000000)
  region size 1024K, 4 young (4096K), 4 survivors (4096K)
 Metaspace       used 113870K, committed 116096K, reserved 1179648K
  class space    used 15746K, committed 16832K, reserved 1048576K
}
Event: 17.911 GC heap before
{Heap before GC invocations=43 (full 0):
 garbage-first heap   total 183296K, used 162311K [0x0000000080000000, 0x0000000100000000)
  region size 1024K, 56 young (57344K), 4 survivors (4096K)
 Metaspace       used 114391K, committed 116608K, reserved 1179648K
  class space    used 15845K, committed 16896K, reserved 1048576K
}
Event: 17.917 GC heap after
{Heap after GC invocations=44 (full 0):
 garbage-first heap   total 220160K, used 112951K [0x0000000080000000, 0x0000000100000000)
  region size 1024K, 7 young (7168K), 7 survivors (7168K)
 Metaspace       used 114391K, committed 116608K, reserved 1179648K
  class space    used 15845K, committed 16896K, reserved 1048576K
}
Event: 18.426 GC heap before
{Heap before GC invocations=45 (full 0):
 garbage-first heap   total 220160K, used 190775K [0x0000000080000000, 0x0000000100000000)
  region size 1024K, 84 young (86016K), 7 survivors (7168K)
 Metaspace       used 114734K, committed 116928K, reserved 1179648K
  class space    used 15886K, committed 16960K, reserved 1048576K
}
Event: 18.432 GC heap after
{Heap after GC invocations=46 (full 0):
 garbage-first heap   total 220160K, used 116614K [0x0000000080000000, 0x0000000100000000)
  region size 1024K, 9 young (9216K), 9 survivors (9216K)
 Metaspace       used 114734K, committed 116928K, reserved 1179648K
  class space    used 15886K, committed 16960K, reserved 1048576K
}
Event: 19.958 GC heap before
{Heap before GC invocations=46 (full 0):
 garbage-first heap   total 220160K, used 199558K [0x0000000080000000, 0x0000000100000000)
  region size 1024K, 87 young (89088K), 9 survivors (9216K)
 Metaspace       used 122778K, committed 125056K, reserved 1179648K
  class space    used 16969K, committed 18048K, reserved 1048576K
}
Event: 19.971 GC heap after
{Heap after GC invocations=47 (full 0):
 garbage-first heap   total 220160K, used 125365K [0x0000000080000000, 0x0000000100000000)
  region size 1024K, 11 young (11264K), 11 survivors (11264K)
 Metaspace       used 122778K, committed 125056K, reserved 1179648K
  class space    used 16969K, committed 18048K, reserved 1048576K
}
Event: 20.608 GC heap before
{Heap before GC invocations=47 (full 0):
 garbage-first heap   total 220160K, used 165301K [0x0000000080000000, 0x0000000100000000)
  region size 1024K, 51 young (52224K), 11 survivors (11264K)
 Metaspace       used 124596K, committed 126848K, reserved 1179648K
  class space    used 17099K, committed 18176K, reserved 1048576K
}
Event: 20.621 GC heap after
{Heap after GC invocations=48 (full 0):
 garbage-first heap   total 220160K, used 135927K [0x0000000080000000, 0x0000000100000000)
  region size 1024K, 10 young (10240K), 10 survivors (10240K)
 Metaspace       used 124596K, committed 126848K, reserved 1179648K
  class space    used 17099K, committed 18176K, reserved 1048576K
}
Event: 21.197 GC heap before
{Heap before GC invocations=49 (full 0):
 garbage-first heap   total 232448K, used 196343K [0x0000000080000000, 0x0000000100000000)
  region size 1024K, 67 young (68608K), 10 survivors (10240K)
 Metaspace       used 127743K, committed 130048K, reserved 1179648K
  class space    used 17362K, committed 18496K, reserved 1048576K
}
Event: 21.219 GC heap after
{Heap after GC invocations=50 (full 0):
 garbage-first heap   total 252928K, used 182272K [0x0000000080000000, 0x0000000100000000)
  region size 1024K, 9 young (9216K), 9 survivors (9216K)
 Metaspace       used 127743K, committed 130048K, reserved 1179648K
  class space    used 17362K, committed 18496K, reserved 1048576K
}
Event: 21.512 GC heap before
{Heap before GC invocations=50 (full 0):
 garbage-first heap   total 252928K, used 211968K [0x0000000080000000, 0x0000000100000000)
  region size 1024K, 37 young (37888K), 9 survivors (9216K)
 Metaspace       used 130049K, committed 132352K, reserved 1179648K
  class space    used 17696K, committed 18816K, reserved 1048576K
}
Event: 21.521 GC heap after
{Heap after GC invocations=51 (full 0):
 garbage-first heap   total 252928K, used 198144K [0x0000000080000000, 0x0000000100000000)
  region size 1024K, 5 young (5120K), 5 survivors (5120K)
 Metaspace       used 130049K, committed 132352K, reserved 1179648K
  class space    used 17696K, committed 18816K, reserved 1048576K
}
Event: 21.757 GC heap before
{Heap before GC invocations=51 (full 0):
 garbage-first heap   total 252928K, used 213504K [0x0000000080000000, 0x0000000100000000)
  region size 1024K, 21 young (21504K), 5 survivors (5120K)
 Metaspace       used 132299K, committed 134592K, reserved 1179648K
  class space    used 18024K, committed 19136K, reserved 1048576K
}
Event: 21.762 GC heap after
{Heap after GC invocations=52 (full 0):
 garbage-first heap   total 252928K, used 201369K [0x0000000080000000, 0x0000000100000000)
  region size 1024K, 2 young (2048K), 2 survivors (2048K)
 Metaspace       used 132299K, committed 134592K, reserved 1179648K
  class space    used 18024K, committed 19136K, reserved 1048576K
}

