# JRE version: OpenJDK Runtime Environment (21.0.8) (build 21.0.8+-14196175-b1038.72)
# Java VM: OpenJDK 64-Bit Server VM (21.0.8+-14196175-b1038.72, mixed mode, tiered, compressed oops, compressed class ptrs, g1 gc, windows-amd64)
GC Precious Log:
 CardTable entry size: 512
 Card Set container configuration: InlinePtr #cards 5 size 8 Array Of Cards #cards 12 size 40 Howl #buckets 4 coarsen threshold 1843 Howl Bitmap #cards 512 size 80 coarsen threshold 460 Card regions per heap region 1 cards per card region 2048
 CPUs: 16 total, 16 available
 Memory: 16008M
 Large Page Support: Disabled
 NUMA Support: Disabled
 Compressed Oops: Enabled (32-bit)
 Heap Region Size: 1M
 Heap Min Capacity: 8M
 Heap Initial Capacity: 252M
 Heap Max Capacity: 2G
 Pre-touch: Disabled
 Parallel Workers: 13
 Concurrent Workers: 3
 Concurrent Refinement Workers: 13
 Periodic GC: Disabled
Heap:
 garbage-first heap   total 462848K, used 365757K [0x0000000080000000, 0x0000000100000000)
  region size 1024K, 201 young (205824K), 13 survivors (13312K)
 Metaspace       used 174577K, committed 177024K, reserved 1245184K
  class space    used 24115K, committed 25344K, reserved 1048576K
GC Heap History (20 events):
Event: 11.411 GC heap before
{Heap before GC invocations=43 (full 0):
 garbage-first heap   total 374784K, used 277795K [0x0000000080000000, 0x0000000100000000)
  region size 1024K, 76 young (77824K), 6 survivors (6144K)
 Metaspace       used 134413K, committed 136768K, reserved 1179648K
  class space    used 18297K, committed 19456K, reserved 1048576K
}
Event: 11.430 GC heap after
{Heap after GC invocations=44 (full 0):
 garbage-first heap   total 374784K, used 264486K [0x0000000080000000, 0x0000000100000000)
  region size 1024K, 10 young (10240K), 10 survivors (10240K)
 Metaspace       used 134413K, committed 136768K, reserved 1179648K
  class space    used 18297K, committed 19456K, reserved 1048576K
}
Event: 11.475 GC heap before
{Heap before GC invocations=44 (full 0):
 garbage-first heap   total 374784K, used 307494K [0x0000000080000000, 0x0000000100000000)
  region size 1024K, 52 young (53248K), 10 survivors (10240K)
 Metaspace       used 134413K, committed 136768K, reserved 1179648K
  class space    used 18297K, committed 19456K, reserved 1048576K
}
Event: 11.485 GC heap after
{Heap after GC invocations=45 (full 0):
 garbage-first heap   total 374784K, used 309248K [0x0000000080000000, 0x0000000100000000)
  region size 1024K, 7 young (7168K), 7 survivors (7168K)
 Metaspace       used 134413K, committed 136768K, reserved 1179648K
  class space    used 18297K, committed 19456K, reserved 1048576K
}
Event: 11.492 GC heap before
{Heap before GC invocations=45 (full 0):
 garbage-first heap   total 374784K, used 320512K [0x0000000080000000, 0x0000000100000000)
  region size 1024K, 19 young (19456K), 7 survivors (7168K)
 Metaspace       used 134413K, committed 136768K, reserved 1179648K
  class space    used 18297K, committed 19456K, reserved 1048576K
}
Event: 11.498 GC heap after
{Heap after GC invocations=46 (full 0):
 garbage-first heap   total 374784K, used 323584K [0x0000000080000000, 0x0000000100000000)
  region size 1024K, 4 young (4096K), 4 survivors (4096K)
 Metaspace       used 134413K, committed 136768K, reserved 1179648K
  class space    used 18297K, committed 19456K, reserved 1048576K
}
Event: 11.659 GC heap before
{Heap before GC invocations=47 (full 0):
 garbage-first heap   total 462848K, used 294912K [0x0000000080000000, 0x0000000100000000)
  region size 1024K, 22 young (22528K), 4 survivors (4096K)
 Metaspace       used 135223K, committed 137472K, reserved 1179648K
  class space    used 18410K, committed 19520K, reserved 1048576K
}
Event: 11.661 GC heap after
{Heap after GC invocations=48 (full 0):
 garbage-first heap   total 462848K, used 281226K [0x0000000080000000, 0x0000000100000000)
  region size 1024K, 2 young (2048K), 2 survivors (2048K)
 Metaspace       used 135223K, committed 137472K, reserved 1179648K
  class space    used 18410K, committed 19520K, reserved 1048576K
}
Event: 12.576 GC heap before
{Heap before GC invocations=48 (full 0):
 garbage-first heap   total 462848K, used 343690K [0x0000000080000000, 0x0000000100000000)
  region size 1024K, 64 young (65536K), 2 survivors (2048K)
 Metaspace       used 138416K, committed 140736K, reserved 1179648K
  class space    used 18709K, committed 19840K, reserved 1048576K
}
Event: 12.583 GC heap after
{Heap after GC invocations=49 (full 0):
 garbage-first heap   total 462848K, used 282624K [0x0000000080000000, 0x0000000100000000)
  region size 1024K, 8 young (8192K), 8 survivors (8192K)
 Metaspace       used 138416K, committed 140736K, reserved 1179648K
  class space    used 18709K, committed 19840K, reserved 1048576K
}
Event: 12.976 GC heap before
{Heap before GC invocations=49 (full 0):
 garbage-first heap   total 462848K, used 351232K [0x0000000080000000, 0x0000000100000000)
  region size 1024K, 76 young (77824K), 8 survivors (8192K)
 Metaspace       used 139082K, committed 141440K, reserved 1179648K
  class space    used 18803K, committed 19968K, reserved 1048576K
}
Event: 12.986 GC heap after
{Heap after GC invocations=50 (full 0):
 garbage-first heap   total 462848K, used 292764K [0x0000000080000000, 0x0000000100000000)
  region size 1024K, 10 young (10240K), 10 survivors (10240K)
 Metaspace       used 139082K, committed 141440K, reserved 1179648K
  class space    used 18803K, committed 19968K, reserved 1048576K
}
Event: 13.364 GC heap before
{Heap before GC invocations=51 (full 0):
 garbage-first heap   total 462848K, used 317340K [0x0000000080000000, 0x0000000100000000)
  region size 1024K, 81 young (82944K), 10 survivors (10240K)
 Metaspace       used 140688K, committed 143040K, reserved 1179648K
  class space    used 19058K, committed 20160K, reserved 1048576K
}
Event: 13.369 GC heap after
{Heap after GC invocations=52 (full 0):
 garbage-first heap   total 462848K, used 245338K [0x0000000080000000, 0x0000000100000000)
  region size 1024K, 6 young (6144K), 6 survivors (6144K)
 Metaspace       used 140688K, committed 143040K, reserved 1179648K
  class space    used 19058K, committed 20160K, reserved 1048576K
}
Event: 14.259 GC heap before
{Heap before GC invocations=52 (full 0):
 garbage-first heap   total 462848K, used 344666K [0x0000000080000000, 0x0000000100000000)
  region size 1024K, 104 young (106496K), 6 survivors (6144K)
 Metaspace       used 152297K, committed 154752K, reserved 1245184K
  class space    used 21170K, committed 22400K, reserved 1048576K
}
Event: 14.270 GC heap after
{Heap after GC invocations=53 (full 0):
 garbage-first heap   total 462848K, used 224991K [0x0000000080000000, 0x0000000100000000)
  region size 1024K, 13 young (13312K), 13 survivors (13312K)
 Metaspace       used 152297K, committed 154752K, reserved 1245184K
  class space    used 21170K, committed 22400K, reserved 1048576K
}
Event: 14.970 GC heap before
{Heap before GC invocations=53 (full 0):
 garbage-first heap   total 462848K, used 329439K [0x0000000080000000, 0x0000000100000000)
  region size 1024K, 117 young (119808K), 13 survivors (13312K)
 Metaspace       used 161687K, committed 164096K, reserved 1245184K
  class space    used 22688K, committed 23872K, reserved 1048576K
}
Event: 14.979 GC heap after
{Heap after GC invocations=54 (full 0):
 garbage-first heap   total 462848K, used 226861K [0x0000000080000000, 0x0000000100000000)
  region size 1024K, 11 young (11264K), 11 survivors (11264K)
 Metaspace       used 161687K, committed 164096K, reserved 1245184K
  class space    used 22688K, committed 23872K, reserved 1048576K
}
Event: 16.730 GC heap before
{Heap before GC invocations=55 (full 0):
 garbage-first heap   total 462848K, used 361005K [0x0000000080000000, 0x0000000100000000)
  region size 1024K, 171 young (175104K), 11 survivors (11264K)
 Metaspace       used 172462K, committed 174976K, reserved 1245184K
  class space    used 23994K, committed 25216K, reserved 1048576K
}
Event: 16.738 GC heap after
{Heap after GC invocations=56 (full 0):
 garbage-first heap   total 462848K, used 175293K [0x0000000080000000, 0x0000000100000000)
  region size 1024K, 13 young (13312K), 13 survivors (13312K)
 Metaspace       used 172462K, committed 174976K, reserved 1245184K
  class space    used 23994K, committed 25216K, reserved 1048576K
}

