# JRE version: OpenJDK Runtime Environment (21.0.8) (build 21.0.8+-14196175-b1038.72)
# Java VM: OpenJDK 64-Bit Server VM (21.0.8+-14196175-b1038.72, mixed mode, tiered, compressed oops, compressed class ptrs, g1 gc, windows-amd64)
GC Precious Log:
 CardTable entry size: 512
 Card Set container configuration: InlinePtr #cards 5 size 8 Array Of Cards #cards 12 size 40 Howl #buckets 4 coarsen threshold 1843 Howl Bitmap #cards 512 size 80 coarsen threshold 460 Card regions per heap region 1 cards per card region 2048
 CPUs: 16 total, 16 available
 Memory: 16008M
 Large Page Support: Disabled
 NUMA Support: Disabled
 Compressed Oops: Enabled (32-bit)
 Heap Region Size: 1M
 Heap Min Capacity: 8M
 Heap Initial Capacity: 252M
 Heap Max Capacity: 2G
 Pre-touch: Disabled
 Parallel Workers: 13
 Concurrent Workers: 3
 Concurrent Refinement Workers: 13
 Periodic GC: Disabled
Heap:
 garbage-first heap   total 159744K, used 122583K [0x0000000080000000, 0x0000000100000000)
  region size 1024K, 37 young (37888K), 8 survivors (8192K)
 Metaspace       used 109239K, committed 111424K, reserved 1179648K
  class space    used 15306K, committed 16384K, reserved 1048576K
GC Heap History (20 events):
Event: 10.567 GC heap before
{Heap before GC invocations=24 (full 0):
 garbage-first heap   total 130048K, used 115428K [0x0000000080000000, 0x0000000100000000)
  region size 1024K, 46 young (47104K), 1 survivors (1024K)
 Metaspace       used 78473K, committed 80256K, reserved 1179648K
  class space    used 10875K, committed 11712K, reserved 1048576K
}
Event: 10.569 GC heap after
{Heap after GC invocations=25 (full 0):
 garbage-first heap   total 130048K, used 70599K [0x0000000080000000, 0x0000000100000000)
  region size 1024K, 2 young (2048K), 2 survivors (2048K)
 Metaspace       used 78473K, committed 80256K, reserved 1179648K
  class space    used 10875K, committed 11712K, reserved 1048576K
}
Event: 11.157 GC heap before
{Heap before GC invocations=25 (full 0):
 garbage-first heap   total 130048K, used 116679K [0x0000000080000000, 0x0000000100000000)
  region size 1024K, 47 young (48128K), 2 survivors (2048K)
 Metaspace       used 83594K, committed 85568K, reserved 1179648K
  class space    used 11546K, committed 12480K, reserved 1048576K
}
Event: 11.163 GC heap after
{Heap after GC invocations=26 (full 0):
 garbage-first heap   total 130048K, used 71168K [0x0000000080000000, 0x0000000100000000)
  region size 1024K, 4 young (4096K), 4 survivors (4096K)
 Metaspace       used 83594K, committed 85568K, reserved 1179648K
  class space    used 11546K, committed 12480K, reserved 1048576K
}
Event: 11.340 GC heap before
{Heap before GC invocations=26 (full 0):
 garbage-first heap   total 130048K, used 78336K [0x0000000080000000, 0x0000000100000000)
  region size 1024K, 12 young (12288K), 4 survivors (4096K)
 Metaspace       used 85040K, committed 86976K, reserved 1179648K
  class space    used 11717K, committed 12608K, reserved 1048576K
}
Event: 11.345 GC heap after
{Heap after GC invocations=27 (full 0):
 garbage-first heap   total 130048K, used 73133K [0x0000000080000000, 0x0000000100000000)
  region size 1024K, 6 young (6144K), 6 survivors (6144K)
 Metaspace       used 85040K, committed 86976K, reserved 1179648K
  class space    used 11717K, committed 12608K, reserved 1048576K
}
Event: 11.793 GC heap before
{Heap before GC invocations=28 (full 0):
 garbage-first heap   total 133120K, used 120237K [0x0000000080000000, 0x0000000100000000)
  region size 1024K, 47 young (48128K), 6 survivors (6144K)
 Metaspace       used 87347K, committed 89216K, reserved 1179648K
  class space    used 12046K, committed 12928K, reserved 1048576K
}
Event: 11.798 GC heap after
{Heap after GC invocations=29 (full 0):
 garbage-first heap   total 133120K, used 77605K [0x0000000080000000, 0x0000000100000000)
  region size 1024K, 6 young (6144K), 6 survivors (6144K)
 Metaspace       used 87347K, committed 89216K, reserved 1179648K
  class space    used 12046K, committed 12928K, reserved 1048576K
}
Event: 12.319 GC heap before
{Heap before GC invocations=29 (full 0):
 garbage-first heap   total 133120K, used 118565K [0x0000000080000000, 0x0000000100000000)
  region size 1024K, 46 young (47104K), 6 survivors (6144K)
 Metaspace       used 90377K, committed 92288K, reserved 1179648K
  class space    used 12437K, committed 13312K, reserved 1048576K
}
Event: 12.325 GC heap after
{Heap after GC invocations=30 (full 0):
 garbage-first heap   total 133120K, used 81385K [0x0000000080000000, 0x0000000100000000)
  region size 1024K, 5 young (5120K), 5 survivors (5120K)
 Metaspace       used 90377K, committed 92288K, reserved 1179648K
  class space    used 12437K, committed 13312K, reserved 1048576K
}
Event: 12.730 GC heap before
{Heap before GC invocations=30 (full 0):
 garbage-first heap   total 133120K, used 120297K [0x0000000080000000, 0x0000000100000000)
  region size 1024K, 43 young (44032K), 5 survivors (5120K)
 Metaspace       used 92912K, committed 94848K, reserved 1179648K
  class space    used 12777K, committed 13696K, reserved 1048576K
}
Event: 12.734 GC heap after
{Heap after GC invocations=31 (full 0):
 garbage-first heap   total 159744K, used 82619K [0x0000000080000000, 0x0000000100000000)
  region size 1024K, 4 young (4096K), 4 survivors (4096K)
 Metaspace       used 92912K, committed 94848K, reserved 1179648K
  class space    used 12777K, committed 13696K, reserved 1048576K
}
Event: 13.433 GC heap before
{Heap before GC invocations=32 (full 0):
 garbage-first heap   total 159744K, used 136891K [0x0000000080000000, 0x0000000100000000)
  region size 1024K, 57 young (58368K), 4 survivors (4096K)
 Metaspace       used 97225K, committed 99200K, reserved 1179648K
  class space    used 13515K, committed 14464K, reserved 1048576K
}
Event: 13.437 GC heap after
{Heap after GC invocations=33 (full 0):
 garbage-first heap   total 159744K, used 84516K [0x0000000080000000, 0x0000000100000000)
  region size 1024K, 5 young (5120K), 5 survivors (5120K)
 Metaspace       used 97225K, committed 99200K, reserved 1179648K
  class space    used 13515K, committed 14464K, reserved 1048576K
}
Event: 14.273 GC heap before
{Heap before GC invocations=33 (full 0):
 garbage-first heap   total 159744K, used 140836K [0x0000000080000000, 0x0000000100000000)
  region size 1024K, 60 young (61440K), 5 survivors (5120K)
 Metaspace       used 101932K, committed 104000K, reserved 1179648K
  class space    used 14221K, committed 15232K, reserved 1048576K
}
Event: 14.285 GC heap after
{Heap after GC invocations=34 (full 0):
 garbage-first heap   total 159744K, used 86307K [0x0000000080000000, 0x0000000100000000)
  region size 1024K, 5 young (5120K), 5 survivors (5120K)
 Metaspace       used 101932K, committed 104000K, reserved 1179648K
  class space    used 14221K, committed 15232K, reserved 1048576K
}
Event: 15.056 GC heap before
{Heap before GC invocations=34 (full 0):
 garbage-first heap   total 159744K, used 142627K [0x0000000080000000, 0x0000000100000000)
  region size 1024K, 60 young (61440K), 5 survivors (5120K)
 Metaspace       used 106184K, committed 108352K, reserved 1179648K
  class space    used 14882K, committed 15936K, reserved 1048576K
}
Event: 15.064 GC heap after
{Heap after GC invocations=35 (full 0):
 garbage-first heap   total 159744K, used 89787K [0x0000000080000000, 0x0000000100000000)
  region size 1024K, 7 young (7168K), 7 survivors (7168K)
 Metaspace       used 106184K, committed 108352K, reserved 1179648K
  class space    used 14882K, committed 15936K, reserved 1048576K
}
Event: 15.775 GC heap before
{Heap before GC invocations=36 (full 0):
 garbage-first heap   total 159744K, used 142011K [0x0000000080000000, 0x0000000100000000)
  region size 1024K, 58 young (59392K), 7 survivors (7168K)
 Metaspace       used 109018K, committed 111168K, reserved 1179648K
  class space    used 15296K, committed 16320K, reserved 1048576K
}
Event: 15.784 GC heap after
{Heap after GC invocations=37 (full 0):
 garbage-first heap   total 159744K, used 94935K [0x0000000080000000, 0x0000000100000000)
  region size 1024K, 8 young (8192K), 8 survivors (8192K)
 Metaspace       used 109018K, committed 111168K, reserved 1179648K
  class space    used 15296K, committed 16320K, reserved 1048576K
}

