# JRE version: OpenJDK Runtime Environment (21.0.8) (build 21.0.8+-14196175-b1038.72)
# Java VM: OpenJDK 64-Bit Server VM (21.0.8+-14196175-b1038.72, mixed mode, tiered, compressed oops, compressed class ptrs, g1 gc, windows-amd64)
GC Precious Log:
 CardTable entry size: 512
 Card Set container configuration: InlinePtr #cards 5 size 8 Array Of Cards #cards 12 size 40 Howl #buckets 4 coarsen threshold 1843 Howl Bitmap #cards 512 size 80 coarsen threshold 460 Card regions per heap region 1 cards per card region 2048
 CPUs: 16 total, 16 available
 Memory: 16008M
 Large Page Support: Disabled
 NUMA Support: Disabled
 Compressed Oops: Enabled (32-bit)
 Heap Region Size: 1M
 Heap Min Capacity: 8M
 Heap Initial Capacity: 252M
 Heap Max Capacity: 2G
 Pre-touch: Disabled
 Parallel Workers: 13
 Concurrent Workers: 3
 Concurrent Refinement Workers: 13
 Periodic GC: Disabled
Heap:
 garbage-first heap   total 162816K, used 107856K [0x0000000080000000, 0x0000000100000000)
  region size 1024K, 20 young (20480K), 8 survivors (8192K)
 Metaspace       used 109338K, committed 111552K, reserved 1179648K
  class space    used 15302K, committed 16384K, reserved 1048576K
GC Heap History (20 events):
Event: 10.929 GC heap before
{Heap before GC invocations=21 (full 0):
 garbage-first heap   total 129024K, used 120065K [0x0000000080000000, 0x0000000100000000)
  region size 1024K, 63 young (64512K), 5 survivors (5120K)
 Metaspace       used 74915K, committed 76672K, reserved 1114112K
  class space    used 10456K, committed 11264K, reserved 1048576K
}
Event: 10.938 GC heap after
{Heap after GC invocations=22 (full 0):
 garbage-first heap   total 135168K, used 68760K [0x0000000080000000, 0x0000000100000000)
  region size 1024K, 8 young (8192K), 8 survivors (8192K)
 Metaspace       used 74915K, committed 76672K, reserved 1114112K
  class space    used 10456K, committed 11264K, reserved 1048576K
}
Event: 11.741 GC heap before
{Heap before GC invocations=22 (full 0):
 garbage-first heap   total 135168K, used 116888K [0x0000000080000000, 0x0000000100000000)
  region size 1024K, 55 young (56320K), 8 survivors (8192K)
 Metaspace       used 80036K, committed 81856K, reserved 1179648K
  class space    used 11018K, committed 11904K, reserved 1048576K
}
Event: 11.747 GC heap after
{Heap after GC invocations=23 (full 0):
 garbage-first heap   total 135168K, used 69528K [0x0000000080000000, 0x0000000100000000)
  region size 1024K, 2 young (2048K), 2 survivors (2048K)
 Metaspace       used 80036K, committed 81856K, reserved 1179648K
  class space    used 11018K, committed 11904K, reserved 1048576K
}
Event: 12.454 GC heap before
{Heap before GC invocations=23 (full 0):
 garbage-first heap   total 135168K, used 109464K [0x0000000080000000, 0x0000000100000000)
  region size 1024K, 42 young (43008K), 2 survivors (2048K)
 Metaspace       used 85063K, committed 86912K, reserved 1179648K
  class space    used 11715K, committed 12608K, reserved 1048576K
}
Event: 12.458 GC heap after
{Heap after GC invocations=24 (full 0):
 garbage-first heap   total 135168K, used 72542K [0x0000000080000000, 0x0000000100000000)
  region size 1024K, 5 young (5120K), 5 survivors (5120K)
 Metaspace       used 85063K, committed 86912K, reserved 1179648K
  class space    used 11715K, committed 12608K, reserved 1048576K
}
Event: 13.070 GC heap before
{Heap before GC invocations=25 (full 0):
 garbage-first heap   total 135168K, used 125790K [0x0000000080000000, 0x0000000100000000)
  region size 1024K, 52 young (53248K), 5 survivors (5120K)
 Metaspace       used 87851K, committed 89664K, reserved 1179648K
  class space    used 12104K, committed 12992K, reserved 1048576K
}
Event: 13.080 GC heap after
{Heap after GC invocations=26 (full 0):
 garbage-first heap   total 135168K, used 77507K [0x0000000080000000, 0x0000000100000000)
  region size 1024K, 7 young (7168K), 7 survivors (7168K)
 Metaspace       used 87851K, committed 89664K, reserved 1179648K
  class space    used 12104K, committed 12992K, reserved 1048576K
}
Event: 13.649 GC heap before
{Heap before GC invocations=26 (full 0):
 garbage-first heap   total 135168K, used 119491K [0x0000000080000000, 0x0000000100000000)
  region size 1024K, 48 young (49152K), 7 survivors (7168K)
 Metaspace       used 90345K, committed 92224K, reserved 1179648K
  class space    used 12427K, committed 13376K, reserved 1048576K
}
Event: 13.656 GC heap after
{Heap after GC invocations=27 (full 0):
 garbage-first heap   total 135168K, used 81417K [0x0000000080000000, 0x0000000100000000)
  region size 1024K, 5 young (5120K), 5 survivors (5120K)
 Metaspace       used 90345K, committed 92224K, reserved 1179648K
  class space    used 12427K, committed 13376K, reserved 1048576K
}
Event: 14.226 GC heap before
{Heap before GC invocations=27 (full 0):
 garbage-first heap   total 135168K, used 121353K [0x0000000080000000, 0x0000000100000000)
  region size 1024K, 44 young (45056K), 5 survivors (5120K)
 Metaspace       used 93504K, committed 95488K, reserved 1179648K
  class space    used 12860K, committed 13824K, reserved 1048576K
}
Event: 14.231 GC heap after
{Heap after GC invocations=28 (full 0):
 garbage-first heap   total 162816K, used 83078K [0x0000000080000000, 0x0000000100000000)
  region size 1024K, 2 young (2048K), 2 survivors (2048K)
 Metaspace       used 93504K, committed 95488K, reserved 1179648K
  class space    used 12860K, committed 13824K, reserved 1048576K
}
Event: 15.281 GC heap before
{Heap before GC invocations=29 (full 0):
 garbage-first heap   total 162816K, used 141446K [0x0000000080000000, 0x0000000100000000)
  region size 1024K, 59 young (60416K), 2 survivors (2048K)
 Metaspace       used 98252K, committed 100288K, reserved 1179648K
  class space    used 13687K, committed 14720K, reserved 1048576K
}
Event: 15.285 GC heap after
{Heap after GC invocations=30 (full 0):
 garbage-first heap   total 162816K, used 85085K [0x0000000080000000, 0x0000000100000000)
  region size 1024K, 4 young (4096K), 4 survivors (4096K)
 Metaspace       used 98252K, committed 100288K, reserved 1179648K
  class space    used 13687K, committed 14720K, reserved 1048576K
}
Event: 16.197 GC heap before
{Heap before GC invocations=30 (full 0):
 garbage-first heap   total 162816K, used 144477K [0x0000000080000000, 0x0000000100000000)
  region size 1024K, 62 young (63488K), 4 survivors (4096K)
 Metaspace       used 102950K, committed 105088K, reserved 1179648K
  class space    used 14375K, committed 15424K, reserved 1048576K
}
Event: 16.202 GC heap after
{Heap after GC invocations=31 (full 0):
 garbage-first heap   total 162816K, used 87421K [0x0000000080000000, 0x0000000100000000)
  region size 1024K, 8 young (8192K), 8 survivors (8192K)
 Metaspace       used 102950K, committed 105088K, reserved 1179648K
  class space    used 14375K, committed 15424K, reserved 1048576K
}
Event: 17.169 GC heap before
{Heap before GC invocations=31 (full 0):
 garbage-first heap   total 162816K, used 143741K [0x0000000080000000, 0x0000000100000000)
  region size 1024K, 63 young (64512K), 8 survivors (8192K)
 Metaspace       used 108095K, committed 110208K, reserved 1179648K
  class space    used 15118K, committed 16192K, reserved 1048576K
}
Event: 17.178 GC heap after
{Heap after GC invocations=32 (full 0):
 garbage-first heap   total 162816K, used 90228K [0x0000000080000000, 0x0000000100000000)
  region size 1024K, 7 young (7168K), 7 survivors (7168K)
 Metaspace       used 108095K, committed 110208K, reserved 1179648K
  class space    used 15118K, committed 16192K, reserved 1048576K
}
Event: 17.854 GC heap before
{Heap before GC invocations=33 (full 0):
 garbage-first heap   total 162816K, used 145524K [0x0000000080000000, 0x0000000100000000)
  region size 1024K, 61 young (62464K), 7 survivors (7168K)
 Metaspace       used 109181K, committed 111296K, reserved 1179648K
  class space    used 15296K, committed 16384K, reserved 1048576K
}
Event: 17.864 GC heap after
{Heap after GC invocations=34 (full 0):
 garbage-first heap   total 162816K, used 97616K [0x0000000080000000, 0x0000000100000000)
  region size 1024K, 8 young (8192K), 8 survivors (8192K)
 Metaspace       used 109181K, committed 111296K, reserved 1179648K
  class space    used 15296K, committed 16384K, reserved 1048576K
}

